<?xml version="1.0" encoding="UTF-8"?>
<!-- Generated by org.testng.reporters.JUnitReportReporter -->
<testsuite hostname="DESKTOP-LJJB6MR" failures="0" tests="1" name="com.spotify.SpotifyApi" time="4.465" errors="0" timestamp="2022-07-02T17:49:16 IST" skipped="0">
  <testcase classname="com.spotify.SpotifyApi" name="getPlaylistCoverImage" time="4.465"/>
  <system-out/>
</testsuite> <!-- com.spotify.SpotifyApi -->
